<?xml version="1.0" encoding="UTF-8"?>
<!-- Generated by org.testng.reporters.JUnitXMLReporter -->
<testsuite ignored="0" hostname="Pankajs-MacBook-Air.local" failures="0" tests="10" name="Surefire test" time="37.465" errors="0" timestamp="2025-03-01T11:10:18 IST">
  <testcase classname="api.test.UserTests" name="testPostUser" time="1.699"/>
  <testcase classname="api.test.UserTests" name="testGetUser" time="4.78"/>
  <testcase classname="api.test.UserTests" name="testUpdateUser" time="15.941"/>
  <testcase classname="api.test.UserTests" name="testDeleteUser" time="1.011"/>
  <testcase classname="api.test.DataDrivenTest" name="testPostUser" time="1.019"/>
  <testcase classname="api.test.DataDrivenTest" name="testPostUser" time="1.255"/>
  <testcase classname="api.test.DataDrivenTest" name="testPostUser" time="1.223"/>
  <testcase classname="api.test.DataDrivenTest" name="testPostUser" time="4.485"/>
  <testcase classname="api.test.DataDrivenTest" name="testPostUser" time="1.126"/>
  <testcase classname="api.test.DataDrivenTest" name="testPostUser" time="4.242"/>
</testsuite> <!-- Surefire test -->
