<?xml version="1.0" encoding="UTF-8"?>
<!-- Generated by org.testng.reporters.JUnitXMLReporter -->
<testsuite ignored="0" hostname="Pankajs-MacBook-Air.local" failures="0" tests="6" name="Default test" time="9.312" errors="0" timestamp="2025-03-01T10:48:48 IST">
  <testcase classname="api.test.DataDrivenTest" name="testPostUser" time="1.938"/>
  <testcase classname="api.test.DataDrivenTest" name="testPostUser" time="1.418"/>
  <testcase classname="api.test.DataDrivenTest" name="testPostUser" time="1.428"/>
  <testcase classname="api.test.DataDrivenTest" name="testPostUser" time="1.324"/>
  <testcase classname="api.test.DataDrivenTest" name="testPostUser" time="1.414"/>
  <testcase classname="api.test.DataDrivenTest" name="testPostUser" time="1.169"/>
</testsuite> <!-- Default test -->
