<?xml version="1.0" encoding="UTF-8"?>
<!-- Generated by org.testng.reporters.JUnitXMLReporter -->
<testsuite ignored="0" hostname="Pankajs-MacBook-Air.local" failures="0" tests="10" name="Test" time="23.239" errors="0" timestamp="2025-03-01T10:50:38 IST">
  <testcase classname="api.test.DataDrivenTest" name="testPostUser" time="1.628"/>
  <testcase classname="api.test.DataDrivenTest" name="testPostUser" time="1.026"/>
  <testcase classname="api.test.DataDrivenTest" name="testPostUser" time="1.459"/>
  <testcase classname="api.test.DataDrivenTest" name="testPostUser" time="1.649"/>
  <testcase classname="api.test.DataDrivenTest" name="testPostUser" time="4.893"/>
  <testcase classname="api.test.DataDrivenTest" name="testPostUser" time="1.197"/>
  <testcase classname="api.test.UserTests" name="testPostUser" time="1.002"/>
  <testcase classname="api.test.UserTests" name="testGetUser" time="5.178"/>
  <testcase classname="api.test.UserTests" name="testUpdateUser" time="2.961"/>
  <testcase classname="api.test.UserTests" name="testDeleteUser" time="1.481"/>
</testsuite> <!-- Test -->
