<?xml version="1.0" encoding="UTF-8"?>
<!-- Generated by org.testng.reporters.JUnitXMLReporter -->
<testsuite ignored="0" hostname="Pankajs-MacBook-Air.local" failures="0" tests="4" name="Test" time="11.135" errors="0" timestamp="2025-03-01T10:54:39 IST">
  <testcase classname="api.test.UserTests" name="testPostUser" time="1.788"/>
  <testcase classname="api.test.UserTests" name="testGetUser" time="1.264"/>
  <testcase classname="api.test.UserTests" name="testUpdateUser" time="6.322"/>
  <testcase classname="api.test.UserTests" name="testDeleteUser" time="1.434"/>
</testsuite> <!-- Test -->
