<?xml version="1.0" encoding="UTF-8"?>
<testng-results ignored="0" total="10" passed="10" failed="0" skipped="0">
  <reporter-output>
  </reporter-output>
  <suite started-at="2025-03-01T10:50:15 IST" name="Suite" finished-at="2025-03-01T10:50:38 IST" duration-ms="23239">
    <groups>
    </groups>
    <test started-at="2025-03-01T10:50:15 IST" name="Test" finished-at="2025-03-01T10:50:38 IST" duration-ms="23239">
      <class name="api.test.DataDrivenTest">
        <test-method signature="testPostUser(java.lang.String,java.lang.String,java.lang.String,java.lang.String,java.lang.String,java.lang.String,java.lang.String)[pri:1, instance:api.test.DataDrivenTest@3835c46]" started-at="2025-03-01T10:50:15 IST" name="testPostUser" data-provider="Data" finished-at="2025-03-01T10:50:17 IST" duration-ms="1628" status="PASS">
          <params>
            <param index="0">
              <value>
                <![CDATA[1010]]>
              </value>
            </param>
            <param index="1">
              <value>
                <![CDATA[testUser1]]>
              </value>
            </param>
            <param index="2">
              <value>
                <![CDATA[John]]>
              </value>
            </param>
            <param index="3">
              <value>
                <![CDATA[Candy]]>
              </value>
            </param>
            <param index="4">
              <value>
                <![CDATA[a@gmail.com]]>
              </value>
            </param>
            <param index="5">
              <value>
                <![CDATA[test@1]]>
              </value>
            </param>
            <param index="6">
              <value>
                <![CDATA[1234567890]]>
              </value>
            </param>
          </params>
          <reporter-output>
          </reporter-output>
        </test-method> <!-- testPostUser -->
        <test-method signature="testPostUser(java.lang.String,java.lang.String,java.lang.String,java.lang.String,java.lang.String,java.lang.String,java.lang.String)[pri:1, instance:api.test.DataDrivenTest@3835c46]" started-at="2025-03-01T10:50:17 IST" name="testPostUser" data-provider="Data" finished-at="2025-03-01T10:50:18 IST" duration-ms="1026" status="PASS">
          <params>
            <param index="0">
              <value>
                <![CDATA[1020]]>
              </value>
            </param>
            <param index="1">
              <value>
                <![CDATA[testUser2]]>
              </value>
            </param>
            <param index="2">
              <value>
                <![CDATA[Kim]]>
              </value>
            </param>
            <param index="3">
              <value>
                <![CDATA[Kom]]>
              </value>
            </param>
            <param index="4">
              <value>
                <![CDATA[b@gmail.com]]>
              </value>
            </param>
            <param index="5">
              <value>
                <![CDATA[test@2]]>
              </value>
            </param>
            <param index="6">
              <value>
                <![CDATA[2234567890]]>
              </value>
            </param>
          </params>
          <reporter-output>
          </reporter-output>
        </test-method> <!-- testPostUser -->
        <test-method signature="testPostUser(java.lang.String,java.lang.String,java.lang.String,java.lang.String,java.lang.String,java.lang.String,java.lang.String)[pri:1, instance:api.test.DataDrivenTest@3835c46]" started-at="2025-03-01T10:50:18 IST" name="testPostUser" data-provider="Data" finished-at="2025-03-01T10:50:19 IST" duration-ms="1459" status="PASS">
          <params>
            <param index="0">
              <value>
                <![CDATA[1030]]>
              </value>
            </param>
            <param index="1">
              <value>
                <![CDATA[testUser3]]>
              </value>
            </param>
            <param index="2">
              <value>
                <![CDATA[Steve]]>
              </value>
            </param>
            <param index="3">
              <value>
                <![CDATA[Smith]]>
              </value>
            </param>
            <param index="4">
              <value>
                <![CDATA[c@gmail.com]]>
              </value>
            </param>
            <param index="5">
              <value>
                <![CDATA[test@3]]>
              </value>
            </param>
            <param index="6">
              <value>
                <![CDATA[3234567890]]>
              </value>
            </param>
          </params>
          <reporter-output>
          </reporter-output>
        </test-method> <!-- testPostUser -->
        <test-method signature="testPostUser(java.lang.String)[pri:2, instance:api.test.DataDrivenTest@3835c46]" started-at="2025-03-01T10:50:20 IST" name="testPostUser" data-provider="UserNames" finished-at="2025-03-01T10:50:21 IST" depends-on-methods="api.test.DataDrivenTest.testPostUser" duration-ms="1649" status="PASS">
          <params>
            <param index="0">
              <value>
                <![CDATA[testUser1]]>
              </value>
            </param>
          </params>
          <reporter-output>
          </reporter-output>
        </test-method> <!-- testPostUser -->
        <test-method signature="testPostUser(java.lang.String)[pri:2, instance:api.test.DataDrivenTest@3835c46]" started-at="2025-03-01T10:50:21 IST" name="testPostUser" data-provider="UserNames" finished-at="2025-03-01T10:50:26 IST" depends-on-methods="api.test.DataDrivenTest.testPostUser" duration-ms="4893" status="PASS">
          <params>
            <param index="0">
              <value>
                <![CDATA[testUser2]]>
              </value>
            </param>
          </params>
          <reporter-output>
          </reporter-output>
        </test-method> <!-- testPostUser -->
        <test-method signature="testPostUser(java.lang.String)[pri:2, instance:api.test.DataDrivenTest@3835c46]" started-at="2025-03-01T10:50:26 IST" name="testPostUser" data-provider="UserNames" finished-at="2025-03-01T10:50:27 IST" depends-on-methods="api.test.DataDrivenTest.testPostUser" duration-ms="1197" status="PASS">
          <params>
            <param index="0">
              <value>
                <![CDATA[testUser3]]>
              </value>
            </param>
          </params>
          <reporter-output>
          </reporter-output>
        </test-method> <!-- testPostUser -->
      </class> <!-- api.test.DataDrivenTest -->
      <class name="api.test.UserTests">
        <test-method is-config="true" signature="setUpData()[pri:0, instance:api.test.UserTests@79924b]" started-at="2025-03-01T10:50:27 IST" name="setUpData" finished-at="2025-03-01T10:50:27 IST" duration-ms="83" status="PASS">
          <reporter-output>
          </reporter-output>
        </test-method> <!-- setUpData -->
        <test-method signature="testPostUser()[pri:1, instance:api.test.UserTests@79924b]" started-at="2025-03-01T10:50:27 IST" name="testPostUser" finished-at="2025-03-01T10:50:28 IST" duration-ms="1002" status="PASS">
          <reporter-output>
          </reporter-output>
        </test-method> <!-- testPostUser -->
        <test-method signature="testGetUser()[pri:2, instance:api.test.UserTests@79924b]" started-at="2025-03-01T10:50:28 IST" name="testGetUser" finished-at="2025-03-01T10:50:34 IST" depends-on-methods="api.test.UserTests.testPostUser" duration-ms="5178" status="PASS">
          <reporter-output>
          </reporter-output>
        </test-method> <!-- testGetUser -->
        <test-method signature="testUpdateUser()[pri:3, instance:api.test.UserTests@79924b]" started-at="2025-03-01T10:50:34 IST" name="testUpdateUser" finished-at="2025-03-01T10:50:36 IST" depends-on-methods="api.test.UserTests.testGetUser" duration-ms="2961" status="PASS">
          <reporter-output>
          </reporter-output>
        </test-method> <!-- testUpdateUser -->
        <test-method signature="testDeleteUser()[pri:4, instance:api.test.UserTests@79924b]" started-at="2025-03-01T10:50:36 IST" name="testDeleteUser" finished-at="2025-03-01T10:50:38 IST" depends-on-methods="api.test.UserTests.testUpdateUser" duration-ms="1481" status="PASS">
          <reporter-output>
          </reporter-output>
        </test-method> <!-- testDeleteUser -->
      </class> <!-- api.test.UserTests -->
    </test> <!-- Test -->
  </suite> <!-- Suite -->
</testng-results>
